2025-06-14 16:23:51 - Timer Tick event fired. Remaining time: 08:00:00
2025-06-14 16:23:52 - Timer Tick event fired. Remaining time: 08:00:00
2025-06-14 16:23:53 - Timer Tick event fired. Remaining time: 08:00:00
2025-06-14 16:23:54 - Timer Tick event fired. Remaining time: 08:00:00
2025-06-14 16:23:55 - Timer Tick event fired. Remaining time: 08:00:00
2025-06-14 16:23:56 - Timer Tick event fired. Remaining time: 08:00:00
2025-06-14 16:23:57 - Timer Tick event fired. Remaining time: 08:00:00
2025-06-14 16:23:58 - Timer Tick event fired. Remaining time: 08:00:00
2025-06-14 16:23:59 - Timer Tick event fired. Remaining time: 08:00:00
2025-06-14 16:24:00 - Timer Tick event fired. Remaining time: 08:00:00
2025-06-14 16:24:01 - Timer Tick event fired. Remaining time: 08:00:00
2025-06-14 16:24:02 - Timer Tick event fired. Remaining time: 08:00:00
2025-06-14 16:24:03 - Timer Tick event fired. Remaining time: 08:00:00
2025-06-14 16:24:04 - Timer Tick event fired. Remaining time: 08:00:00
2025-06-14 16:24:05 - Timer Tick event fired. Remaining time: 08:00:00
2025-06-14 16:24:06 - Timer Tick event fired. Remaining time: 08:00:00
2025-06-14 16:24:07 - Timer Tick event fired. Remaining time: 08:00:00
2025-06-14 16:24:08 - Timer Tick event fired. Remaining time: 08:00:00
2025-06-14 16:24:09 - Timer Tick event fired. Remaining time: 08:00:00
2025-06-14 16:24:10 - Timer Tick event fired. Remaining time: 08:00:00
2025-06-14 16:24:11 - Timer Tick event fired. Remaining time: 08:00:00
2025-06-14 16:24:12 - Timer Tick event fired. Remaining time: 08:00:00
2025-06-14 16:24:13 - Timer Tick event fired. Remaining time: 08:00:00
2025-06-14 16:25:19 - Timer Tick event fired. Remaining time: 08:00:00
2025-06-14 16:25:20 - Timer Tick event fired. Remaining time: 08:00:00
2025-06-14 16:25:21 - Timer Tick event fired. Remaining time: 08:00:00
2025-06-14 16:25:22 - Timer Tick event fired. Remaining time: 08:00:00
2025-06-14 16:25:23 - Timer Tick event fired. Remaining time: 08:00:00
2025-06-14 16:25:24 - Timer Tick event fired. Remaining time: 08:00:00
2025-06-14 16:25:25 - Timer Tick event fired. Remaining time: 08:00:00
2025-06-14 16:25:26 - Timer Tick event fired. Remaining time: 08:00:00
2025-06-14 16:25:27 - Timer Tick event fired. Remaining time: 08:00:00
2025-06-14 16:25:28 - Timer Tick event fired. Remaining time: 08:00:00
2025-06-14 16:25:29 - Timer Tick event fired. Remaining time: 08:00:00
2025-06-14 16:25:30 - Timer Tick event fired. Remaining time: 08:00:00
2025-06-14 16:25:31 - Timer Tick event fired. Remaining time: 08:00:00
2025-06-14 16:25:32 - Timer Tick event fired. Remaining time: 08:00:00
2025-06-14 16:25:33 - Timer Tick event fired. Remaining time: 08:00:00
2025-06-14 16:25:34 - Timer Tick event fired. Remaining time: 08:00:00
2025-06-14 16:25:35 - Timer Tick event fired. Remaining time: 08:00:00
2025-06-14 16:25:36 - Timer Tick event fired. Remaining time: 08:00:00
2025-06-14 16:25:37 - Timer Tick event fired. Remaining time: 08:00:00
2025-06-14 16:25:38 - Timer Tick event fired. Remaining time: 08:00:00
2025-06-14 16:25:39 - Timer Tick event fired. Remaining time: 08:00:00
2025-06-14 16:25:40 - Timer Tick event fired. Remaining time: 08:00:00
2025-06-14 16:25:41 - Timer Tick event fired. Remaining time: 08:00:00
2025-06-14 16:25:42 - Timer Tick event fired. Remaining time: 08:00:00
2025-06-14 16:25:43 - Timer Tick event fired. Remaining time: 08:00:00
2025-06-14 16:25:44 - Timer Tick event fired. Remaining time: 08:00:00
2025-06-14 16:25:45 - Timer Tick event fired. Remaining time: 08:00:00
2025-06-14 16:25:46 - Timer Tick event fired. Remaining time: 08:00:00
2025-06-14 16:25:47 - Timer Tick event fired. Remaining time: 08:00:00
2025-06-14 16:25:48 - Timer Tick event fired. Remaining time: 08:00:00
2025-06-14 16:25:49 - Timer Tick event fired. Remaining time: 08:00:00
2025-06-14 16:32:03 - Timer Tick event fired. Remaining time: 08:00:00
2025-06-14 16:32:04 - Timer Tick event fired. Remaining time: 08:00:00
2025-06-14 16:32:05 - Timer Tick event fired. Remaining time: 08:00:00
2025-06-14 16:32:06 - Timer Tick event fired. Remaining time: 08:00:00
2025-06-14 16:32:07 - Timer Tick event fired. Remaining time: 08:00:00
2025-06-14 16:32:08 - Timer Tick event fired. Remaining time: 08:00:00
2025-06-14 16:35:36 - Initializing countdown timer with interval: 1000 ms and starting time: 08:00:00
2025-06-14 16:35:36 - Countdown timer started.
2025-06-14 16:35:37 - Timer Tick event fired. Remaining time: 08:00:00
2025-06-14 16:35:38 - Timer Tick event fired. Remaining time: 08:00:00
2025-06-14 16:35:39 - Timer Tick event fired. Remaining time: 08:00:00
2025-06-14 16:35:40 - Timer Tick event fired. Remaining time: 08:00:00
2025-06-14 16:35:41 - Timer Tick event fired. Remaining time: 08:00:00
2025-06-14 16:35:42 - Timer Tick event fired. Remaining time: 08:00:00
2025-06-14 16:35:43 - Timer Tick event fired. Remaining time: 08:00:00
2025-06-14 16:35:44 - Timer Tick event fired. Remaining time: 08:00:00
2025-06-14 16:35:45 - Timer Tick event fired. Remaining time: 08:00:00
2025-06-14 16:35:46 - Timer Tick event fired. Remaining time: 08:00:00
2025-06-14 16:35:47 - Timer Tick event fired. Remaining time: 08:00:00
2025-06-14 16:35:48 - Timer Tick event fired. Remaining time: 08:00:00
2025-06-14 16:35:49 - Timer Tick event fired. Remaining time: 08:00:00
2025-06-14 16:35:50 - Timer Tick event fired. Remaining time: 08:00:00
2025-06-14 16:35:51 - Timer Tick event fired. Remaining time: 08:00:00
2025-06-14 16:35:52 - Timer Tick event fired. Remaining time: 08:00:00
2025-06-14 16:35:53 - Timer Tick event fired. Remaining time: 08:00:00
2025-06-14 16:35:54 - Timer Tick event fired. Remaining time: 08:00:00
2025-06-14 16:35:55 - Timer Tick event fired. Remaining time: 08:00:00
2025-06-14 16:35:56 - Timer Tick event fired. Remaining time: 08:00:00
2025-06-14 16:35:57 - Timer Tick event fired. Remaining time: 08:00:00
2025-06-15 15:37:32 - Initializing countdown timer with interval: 1000 ms and starting time: 08:00:00
2025-06-15 15:37:32 - Countdown timer started.
2025-06-15 15:37:33 - Timer Tick event fired. Remaining time: 08:00:00
2025-06-15 15:37:34 - Timer Tick event fired. Remaining time: 08:00:00
2025-06-15 15:37:35 - Timer Tick event fired. Remaining time: 08:00:00
2025-06-15 15:37:36 - Timer Tick event fired. Remaining time: 08:00:00
2025-06-15 15:37:37 - Timer Tick event fired. Remaining time: 08:00:00
2025-06-15 15:37:38 - Timer Tick event fired. Remaining time: 08:00:00
2025-06-15 15:37:39 - Timer Tick event fired. Remaining time: 08:00:00
2025-06-15 15:37:40 - Timer Tick event fired. Remaining time: 08:00:00
2025-06-15 15:37:41 - Timer Tick event fired. Remaining time: 08:00:00
2025-06-15 15:37:42 - Timer Tick event fired. Remaining time: 08:00:00
2025-06-15 15:37:43 - Timer Tick event fired. Remaining time: 08:00:00
2025-06-15 15:37:44 - Timer Tick event fired. Remaining time: 08:00:00
2025-06-15 15:37:45 - Timer Tick event fired. Remaining time: 08:00:00
2025-06-15 15:59:37 - Failed to launch C:\Windows\System32\WindowsPowerShell\v1.0\powershell.exe: Exception calling "WaitForInputIdle" with "1" argument(s): "WaitForInputIdle failed.  This could be because the process does not have a graphical interface."
2025-06-15 16:18:08 - Failed to launch C:\Windows\System32\WindowsPowerShell\v1.0\powershell.exe: Exception calling "WaitForInputIdle" with "1" argument(s): "WaitForInputIdle failed.  This could be because the process does not have a graphical interface."
2025-06-15 16:18:14 - Failed to launch C:\Program Files\PowerShell\7\pwsh.exe: Exception calling "WaitForInputIdle" with "1" argument(s): "WaitForInputIdle failed.  This could be because the process does not have a graphical interface."
2025-06-15 16:40:01 - File not found: 0
2025-06-15 16:41:28 - Failed to launch C:\Program Files\PowerShell\7\pwsh.exe: Exception calling "WaitForInputIdle" with "1" argument(s): "WaitForInputIdle failed.  This could be because the process does not have a graphical interface."
2025-06-15 16:42:13 - Failed to launch C:\Windows\System32\eventvwr.exe: Exception calling "WaitForInputIdle" with "1" argument(s): "Cannot process request because the process has exited."
2025-06-15 16:42:35 - Failed to launch C:\Windows\System32\eventvwr.exe: Exception calling "WaitForInputIdle" with "1" argument(s): "Cannot process request because the process has exited."
2025-06-15 16:45:53 - File not found: C:\Program Files\One Identity\Active Roles\8.1\Console\ActiveRoles.msc
2025-06-15 16:46:15 - File not found: C:\Program Files\LAPS\AdmPwd.UI.exe
2025-06-15 16:46:17 - File not found: C:\Program Files (x86)\Configuration Manager Console\bin\Microsoft.ConfigurationManagement.exe
2025-06-15 18:24:45 - Failed to import config: You cannot call a method on a null-valued expression.
2025-06-15 18:25:14 - An error occurred while adding the file: You cannot call a method on a null-valued expression.
2025-06-15 18:28:23 - Failed to import config: You cannot call a method on a null-valued expression.
2025-06-15 18:30:19 - Failed to import config: You cannot call a method on a null-valued expression.
2025-06-15 18:32:12 - Failed to import config: You cannot call a method on a null-valued expression.
2025-06-15 18:32:16 - File not found: 
2025-06-15 18:32:34 - An error occurred while adding the file: You cannot call a method on a null-valued expression.
2025-06-15 18:35:11 - Failed to import config: You cannot call a method on a null-valued expression.
2025-06-15 18:36:50 - Failed to import config: You cannot call a method on a null-valued expression.
2025-06-15 18:42:28 - Failed to import config: You cannot call a method on a null-valued expression.
2025-06-15 18:44:00 - Failed to import config: You cannot call a method on a null-valued expression.
2025-06-16 18:38:26 - Failed to import config: You cannot call a method on a null-valued expression.
2025-06-16 18:45:46 - Failed to import config: You cannot call a method on a null-valued expression.
2025-06-16 18:51:15 - Failed to import config: You cannot call a method on a null-valued expression.
2025-06-16 18:53:37 - Failed to import config: You cannot call a method on a null-valued expression.
2025-06-16 18:55:58 - Failed to import config: You cannot call a method on a null-valued expression.
2025-06-16 18:56:20 - Failed to import config: You cannot call a method on a null-valued expression.
2025-06-16 18:59:26 - Failed to import config: You cannot call a method on a null-valued expression.
2025-06-16 18:59:42 - Failed to import config: You cannot call a method on a null-valued expression.
2025-06-16 19:10:11 - Failed to import config: You cannot call a method on a null-valued expression.
2025-06-16 19:11:17 - Failed to import config: You cannot call a method on a null-valued expression.
2025-06-16 19:11:53 - Failed to import config: You cannot call a method on a null-valued expression.
2025-06-16 19:12:27 - Failed to import config: You cannot call a method on a null-valued expression.
2025-06-16 19:12:58 - Failed to import config: You cannot call a method on a null-valued expression.
